-------------------------------------------------------------------------------
Test set: org.dhiren.java.testrunners.MenuManagementExistanceTest
-------------------------------------------------------------------------------
Tests run: 1, Failures: 1, Errors: 0, Skipped: 0, Time elapsed: 0.71 s <<< FAILURE! - in org.dhiren.java.testrunners.MenuManagementExistanceTest
Calculate total price and existence(Menu Management)  Time elapsed: 0.408 s  <<< FAILURE!
java.lang.AssertionError: expected:<900> but was:<700>

