-------------------------------------------------------------------------------
Test set: org.dhiren.java.testrunners.MenuManagementTest
-------------------------------------------------------------------------------
Tests run: 1, Failures: 1, Errors: 0, Skipped: 0, Time elapsed: 0.101 s <<< FAILURE! - in org.dhiren.java.testrunners.MenuManagementTest
Calculate total price and existence(Menu Management)  Time elapsed: 0.062 s  <<< FAILURE!
java.lang.AssertionError: expected:<1600> but was:<700>

