<?xml version="1.0" encoding="UTF-8"?>
<testsuite xmlns:xsi="http://www.w3.org/2001/XMLSchema-instance" xsi:noNamespaceSchemaLocation="https://maven.apache.org/surefire/maven-surefire-plugin/xsd/surefire-test-report.xsd" name="org.dhiren.java.testrunners.MenuManagementTest" time="0.101" tests="1" errors="0" skipped="0" failures="1">
  <properties>
[...]
</properties>
  <testcase name="Calculate total price and existence" classname="Menu Management" time="0.062">
    <failure message="expected:&lt;1600&gt; but was:&lt;700&gt;" type="java.lang.AssertionError"><![CDATA[java.lang.AssertionError: expected:<1600> but was:<700>
]]></failure>
    <system-out><![CDATA[
@BuildTest
Scenario: Calculate total price and existence                                            &amp#27;[90m# src/test/java/org/dhiren/java/features/MenuItemManagement.feature:38&amp#27;[0m
Constructor
  &amp#27;[32mGiven &amp#27;[0m&amp#27;[32mI have a menu item name "&amp#27;[0m&amp#27;[32m&amp#27;[1mFish Biryani&amp#27;[0m&amp#27;[32m" and price &amp#27;[0m&amp#27;[32m&amp#27;[1m&amp#27;[0m&amp#27;[32m&amp#27;[0m&amp#27;[32m&amp#27;[1m200&amp#27;[0m                             &amp#27;[90m# org.dhiren.java.steps.MenuManagementStepDefinitions.i_have_a_menu_item_name_and_price(java.lang.String,java.lang.String,java.lang.Integer)&amp#27;[0m
  &amp#27;[32mWhen &amp#27;[0m&amp#27;[32mI add that menu item&amp#27;[0m                                                              &amp#27;[90m# org.dhiren.java.steps.MenuManagementStepDefinitions.i_add_that_menu_item()&amp#27;[0m
  &amp#27;[32mThen &amp#27;[0m&amp#27;[32mMenu item with name &amp#27;[0m&amp#27;[32m&amp#27;[1m"Fish Biryani"&amp#27;[0m&amp#27;[32m should be added&amp#27;[0m                                &amp#27;[90m# org.dhiren.java.steps.MenuManagementStepDefinitions.menu_item_with_name_should_be_added(java.lang.String)&amp#27;[0m
  &amp#27;[32mGiven &amp#27;[0m&amp#27;[32mI have a menu items &amp#27;[0m&amp#27;[32m&amp#27;[1m"Fish Biryani"&amp#27;[0m&amp#27;[32m and &amp#27;[0m&amp#27;[32m&amp#27;[1m"chicken Biryani"&amp#27;[0m&amp#27;[32m and price $&amp#27;[0m&amp#27;[32m&amp#27;[1m300&amp#27;[0m&amp#27;[32m and $&amp#27;[0m&amp#27;[32m&amp#27;[1m400&amp#27;[0m &amp#27;[90m# org.dhiren.java.steps.MenuManagementStepDefinitions.iHaveAMenuItemsAndAndPrice$And$(java.lang.String,java.lang.String,int,int)&amp#27;[0m
  &amp#27;[32mWhen &amp#27;[0m&amp#27;[32mI add those items&amp#27;[0m                                                                 &amp#27;[90m# org.dhiren.java.steps.MenuManagementStepDefinitions.iAddThoseItems()&amp#27;[0m
  &amp#27;[31mThen &amp#27;[0m&amp#27;[31mAll Menu items should cost total price &amp#27;[0m&amp#27;[31m&amp#27;[1m700&amp#27;[0m                                        &amp#27;[90m# org.dhiren.java.steps.MenuManagementStepDefinitions.allMenuItemsShouldCostTotalPrice(int)&amp#27;[0m
      &amp#27;[31mjava.lang.AssertionError: expected:<1600> but was:<700>
	at org.junit.Assert.fail(Assert.java:89)
	at org.junit.Assert.failNotEquals(Assert.java:835)
	at org.junit.Assert.assertEquals(Assert.java:647)
	at org.junit.Assert.assertEquals(Assert.java:633)
	at org.dhiren.java.steps.MenuManagementStepDefinitions.allMenuItemsShouldCostTotalPrice(MenuManagementStepDefinitions.java:48)
	at ?.All Menu items should cost total price 700(file:///C:/GitHub/JavaProjectsWithTesting/java-cucumber-demo/src/test/java/org/dhiren/java/features/MenuItemManagement.feature:41)
&amp#27;[0m
]]></system-out>
    <system-err><![CDATA[Apr 27, 2020 2:57:22 AM io.cucumber.core.options.CucumberPropertiesParser parse
WARNING: Passing commandline options via the property `cucumber.options` has been deprecatedin favour of explicitly using property names.
Please use these instead: [cucumber.ansi-colors.disabled, cucumber.execution.dry-run, cucumber.execution.limit, cucumber.execution.order, cucumber.execution.strict, cucumber.execution.wip, cucumber.features, cucumber.filter.name, cucumber.filter.tags, cucumber.glue, cucumber.object-factory, cucumber.plugin, cucumber.snippet-type]
RestaurantMenuItem{name='Fish Biryani', description='test desc', price=200}
RestaurantMenuItem{name='Fish Biryani', description='', price=300}
RestaurantMenuItem{name='chicken Biryani', description='', price=400}
RestaurantMenuItem{name='Fish Biryani', description='', price=300}
RestaurantMenuItem{name='chicken Biryani', description='', price=400}
1600 total cost 
]]></system-err>
  </testcase>
</testsuite>